0 info it worked if it ends with ok
1 verbose cli [ '/usr/local/bin/node',
1 verbose cli   '/usr/local/bin/npm',
1 verbose cli   'run',
1 verbose cli   'build:prod' ]
2 info using npm@3.7.3
3 info using node@v5.6.0
4 verbose run-script [ 'prebuild:prod', 'build:prod', 'postbuild:prod' ]
5 info lifecycle cc@1.0.0~prebuild:prod: cc@1.0.0
6 verbose lifecycle cc@1.0.0~prebuild:prod: unsafe-perm in lifecycle true
7 verbose lifecycle cc@1.0.0~prebuild:prod: PATH: /usr/local/lib/node_modules/npm/bin/node-gyp-bin:/Users/zhonglvgui/Documents/github/cc/node_modules/.bin:/usr/local/bin:/Library/Frameworks/Python.framework/Versions/3.5/bin:/Library/Java/JavaVirtualMachines/jdk1.8.0_40.jdk/Contents/Home/bin:/opt/subversion/bin/svn:/Users/zhonglvgui/Documents/android-sdk-macosx/platform-tools:/usr/local/maven/maven-3.3.3/bin:/usr/local/bin:/usr/bin:/bin:/usr/sbin:/sbin:/usr/local/gradle-2.8/bin
8 verbose lifecycle cc@1.0.0~prebuild:prod: CWD: /Users/zhonglvgui/Documents/github/cc
9 silly lifecycle cc@1.0.0~prebuild:prod: Args: [ '-c', 'npm run clean:dist' ]
10 silly lifecycle cc@1.0.0~prebuild:prod: Returned: code: 0  signal: null
11 info lifecycle cc@1.0.0~build:prod: cc@1.0.0
12 verbose lifecycle cc@1.0.0~build:prod: unsafe-perm in lifecycle true
13 verbose lifecycle cc@1.0.0~build:prod: PATH: /usr/local/lib/node_modules/npm/bin/node-gyp-bin:/Users/zhonglvgui/Documents/github/cc/node_modules/.bin:/usr/local/bin:/Library/Frameworks/Python.framework/Versions/3.5/bin:/Library/Java/JavaVirtualMachines/jdk1.8.0_40.jdk/Contents/Home/bin:/opt/subversion/bin/svn:/Users/zhonglvgui/Documents/android-sdk-macosx/platform-tools:/usr/local/maven/maven-3.3.3/bin:/usr/local/bin:/usr/bin:/bin:/usr/sbin:/sbin:/usr/local/gradle-2.8/bin
14 verbose lifecycle cc@1.0.0~build:prod: CWD: /Users/zhonglvgui/Documents/github/cc
15 silly lifecycle cc@1.0.0~build:prod: Args: [ '-c',
15 silly lifecycle   'webpack --config webpack.prod.config.js --progress --profile --colors --display-error-details --display-cached --bail' ]
16 silly lifecycle cc@1.0.0~build:prod: Returned: code: 1  signal: null
17 info lifecycle cc@1.0.0~build:prod: Failed to exec build:prod script
18 verbose stack Error: cc@1.0.0 build:prod: `webpack --config webpack.prod.config.js --progress --profile --colors --display-error-details --display-cached --bail`
18 verbose stack Exit status 1
18 verbose stack     at EventEmitter.<anonymous> (/usr/local/lib/node_modules/npm/lib/utils/lifecycle.js:239:16)
18 verbose stack     at emitTwo (events.js:100:13)
18 verbose stack     at EventEmitter.emit (events.js:185:7)
18 verbose stack     at ChildProcess.<anonymous> (/usr/local/lib/node_modules/npm/lib/utils/spawn.js:24:14)
18 verbose stack     at emitTwo (events.js:100:13)
18 verbose stack     at ChildProcess.emit (events.js:185:7)
18 verbose stack     at maybeClose (internal/child_process.js:827:16)
18 verbose stack     at Process.ChildProcess._handle.onexit (internal/child_process.js:211:5)
19 verbose pkgid cc@1.0.0
20 verbose cwd /Users/zhonglvgui/Documents/github/cc
21 error Darwin 14.5.0
22 error argv "/usr/local/bin/node" "/usr/local/bin/npm" "run" "build:prod"
23 error node v5.6.0
24 error npm  v3.7.3
25 error code ELIFECYCLE
26 error cc@1.0.0 build:prod: `webpack --config webpack.prod.config.js --progress --profile --colors --display-error-details --display-cached --bail`
26 error Exit status 1
27 error Failed at the cc@1.0.0 build:prod script 'webpack --config webpack.prod.config.js --progress --profile --colors --display-error-details --display-cached --bail'.
27 error Make sure you have the latest version of node.js and npm installed.
27 error If you do, this is most likely a problem with the cc package,
27 error not with npm itself.
27 error Tell the author that this fails on your system:
27 error     webpack --config webpack.prod.config.js --progress --profile --colors --display-error-details --display-cached --bail
27 error You can get information on how to open an issue for this project with:
27 error     npm bugs cc
27 error Or if that isn't available, you can get their info via:
27 error     npm owner ls cc
27 error There is likely additional logging output above.
28 verbose exit [ 1, true ]
